[2021-07-18 16:29:43] * message: Account 'ca05c75b893fdb6217f85d60fe8b13fa046fbafb5236770e6a5355cb67b31abb@localhost:1143': Connecting to IMAP server: localhost:1143...
[2021-07-18 16:29:43] IMAP< * OK [CAPABILITY IMAP4rev1 LITERAL+ SASL-IR CHILDREN AUTH=PLAIN AUTH=LOGIN] IMAP4rev1 Service Ready 
[2021-07-18 16:29:43] * message: IMAP connection is un-authenticated
[2021-07-18 16:29:44] IMAP> 1 CAPABILITY 
[2021-07-18 16:29:44] IMAP< * CAPABILITY IMAP4rev1 LITERAL+ SASL-IR CHILDREN AUTH=PLAIN AUTH=LOGIN 
[2021-07-18 16:29:44] IMAP< 1 OK CAPABILITY completed 
[2021-07-18 16:29:44] IMAP> Logging ca05c75b893fdb6217f85d60fe8b13fa046fbafb5236770e6a5355cb67b31abb to localhost using PLAIN
[2021-07-18 16:29:44] IMAP< CAPABILITY completed
[2021-07-18 16:29:44] ** warning: IMAP error on localhost: LOGIN error
[2021-07-18 16:29:44] IMAP< Error logging in to localhost
[2021-07-18 16:29:44] IMAP> Logging ca05c75b893fdb6217f85d60fe8b13fa046fbafb5236770e6a5355cb67b31abb to localhost using LOGIN
[2021-07-18 16:29:44] IMAP< CAPABILITY completed
[2021-07-18 16:29:44] ** warning: IMAP error on localhost: LOGIN error
[2021-07-18 16:29:44] IMAP< Error logging in to localhost
[2021-07-18 16:29:44] IMAP> Logging ca05c75b893fdb6217f85d60fe8b13fa046fbafb5236770e6a5355cb67b31abb to localhost using plaintext
[2021-07-18 16:29:44] IMAP< LOGIN completed
[2021-07-18 16:29:44] IMAP< Login to localhost successful
[2021-07-18 16:29:44] IMAP> 3 LIST "" "" 
[2021-07-18 16:29:44] IMAP< * LIST (\Noselect) "/" "/" 
[2021-07-18 16:29:44] IMAP< 3 OK LIST completed 
[2021-07-18 16:29:44] IMAP> 4 STATUS INBOX (MESSAGES UIDNEXT UIDVALIDITY UNSEEN) 
[2021-07-18 16:29:44] IMAP< * STATUS INBOX (UIDVALIDITY 1 UNSEEN 0 MESSAGES 0 UIDNEXT 1) 
[2021-07-18 16:29:44] IMAP< 4 OK STATUS completed 
[2021-07-18 16:29:44] IMAP> 5 SELECT INBOX 
[2021-07-18 16:29:44] IMAP< * FLAGS (\Seen \Answered \Flagged \Deleted) 
[2021-07-18 16:29:44] IMAP< * OK [PERMANENTFLAGS (\Seen \Answered \Flagged \Deleted)] Flags permitted. 
[2021-07-18 16:29:44] IMAP< * 0 RECENT 
[2021-07-18 16:29:44] IMAP< * OK [UIDNEXT 1] Predicted next UID 
[2021-07-18 16:29:44] IMAP< * OK [UIDVALIDITY 1] UIDs valid 
[2021-07-18 16:29:44] IMAP< * 0 EXISTS 
[2021-07-18 16:29:44] IMAP< 5 OK [READ-WRITE] SELECT completed 
[2021-07-18 16:29:44] IMAP- [fetching UIDs...]
[2021-07-18 16:29:44] IMAP> 6 UID FETCH 1:* (UID) 
[2021-07-18 16:29:44] IMAP< 6 OK UID FETCH completed 
[2021-07-18 16:29:44] IMAP> 7 STATUS Sent (MESSAGES UIDNEXT UIDVALIDITY UNSEEN) 
[2021-07-18 16:29:44] IMAP< * STATUS "Sent" (MESSAGES 0 UIDNEXT 1 UIDVALIDITY 1 UNSEEN 0) 
[2021-07-18 16:29:44] IMAP< 7 OK STATUS completed 
[2021-07-18 16:29:44] IMAP> 8 SELECT Sent 
[2021-07-18 16:29:44] IMAP< * FLAGS (\Seen \Answered \Flagged \Deleted) 
[2021-07-18 16:29:44] IMAP< * OK [PERMANENTFLAGS (\Seen \Answered \Flagged \Deleted)] Flags permitted. 
[2021-07-18 16:29:44] IMAP< * 0 EXISTS 
[2021-07-18 16:29:44] IMAP< * 0 RECENT 
[2021-07-18 16:29:44] IMAP< * OK [UIDNEXT 1] Predicted next UID 
[2021-07-18 16:29:44] IMAP< * OK [UIDVALIDITY 1] UIDs valid 
[2021-07-18 16:29:44] IMAP< 8 OK [READ-WRITE] SELECT completed 
[2021-07-18 16:29:44] IMAP- [fetching UIDs...]
[2021-07-18 16:29:44] IMAP> 9 UID FETCH 1:* (UID) 
[2021-07-18 16:29:44] IMAP< 9 OK UID FETCH completed 
[2021-07-18 16:29:44] IMAP> 10 STATUS Drafts (MESSAGES UIDNEXT UIDVALIDITY UNSEEN) 
[2021-07-18 16:29:44] IMAP< * STATUS "Drafts" (MESSAGES 1 UIDNEXT 2 UIDVALIDITY 1 UNSEEN 1) 
[2021-07-18 16:29:44] IMAP< 10 OK STATUS completed 
[2021-07-18 16:29:44] IMAP> 11 SELECT Drafts 
[2021-07-18 16:29:44] IMAP< * FLAGS (\Seen \Answered \Flagged \Deleted) 
[2021-07-18 16:29:44] IMAP< * OK [PERMANENTFLAGS (\Seen \Answered \Flagged \Deleted)] Flags permitted. 
[2021-07-18 16:29:44] IMAP< * 0 RECENT 
[2021-07-18 16:29:44] IMAP< * OK [UIDNEXT 2] Predicted next UID 
[2021-07-18 16:29:44] IMAP< * OK [UIDVALIDITY 1] UIDs valid 
[2021-07-18 16:29:44] IMAP< * 1 EXISTS 
[2021-07-18 16:29:44] IMAP< 11 OK [READ-WRITE] SELECT completed 
[2021-07-18 16:29:44] IMAP- [fetching UIDs...]
[2021-07-18 16:29:44] IMAP> 12 UID FETCH 1:* (UID) 
[2021-07-18 16:29:44] IMAP< * 1 FETCH (UID 1) 
[2021-07-18 16:29:44] IMAP< 12 OK UID FETCH completed 
[2021-07-18 16:29:44] IMAP- [fetching flags...]
[2021-07-18 16:29:44] IMAP> 13 UID FETCH 1:* (FLAGS UID) 
[2021-07-18 16:29:44] IMAP< * 1 FETCH (FLAGS () UID 1) 
[2021-07-18 16:29:44] IMAP< 13 OK UID FETCH completed 
[2021-07-18 16:29:44] IMAP> 14 STATUS Queue (MESSAGES UIDNEXT UIDVALIDITY UNSEEN) 
[2021-07-18 16:29:44] IMAP< * STATUS "Queue" (MESSAGES 0 UIDNEXT 1 UIDVALIDITY 1 UNSEEN 0) 
[2021-07-18 16:29:44] IMAP< 14 OK STATUS completed 
[2021-07-18 16:29:44] IMAP> 15 SELECT Queue 
[2021-07-18 16:29:44] IMAP< * FLAGS (\Seen \Answered \Flagged \Deleted) 
[2021-07-18 16:29:44] IMAP< * OK [PERMANENTFLAGS (\Seen \Answered \Flagged \Deleted)] Flags permitted. 
[2021-07-18 16:29:44] IMAP< * 0 EXISTS 
[2021-07-18 16:29:44] IMAP< * 0 RECENT 
[2021-07-18 16:29:44] IMAP< * OK [UIDNEXT 1] Predicted next UID 
[2021-07-18 16:29:44] IMAP< * OK [UIDVALIDITY 1] UIDs valid 
[2021-07-18 16:29:44] IMAP< 15 OK [READ-WRITE] SELECT completed 
[2021-07-18 16:29:44] IMAP- [fetching UIDs...]
[2021-07-18 16:29:44] IMAP> 16 UID FETCH 1:* (UID) 
[2021-07-18 16:29:44] IMAP< 16 OK UID FETCH completed 
[2021-07-18 16:29:44] IMAP> 17 STATUS Trash (MESSAGES UIDNEXT UIDVALIDITY UNSEEN) 
[2021-07-18 16:29:44] IMAP< * STATUS "Trash" (UIDVALIDITY 1 UNSEEN 0 MESSAGES 0 UIDNEXT 1) 
[2021-07-18 16:29:44] IMAP< 17 OK STATUS completed 
[2021-07-18 16:29:44] IMAP> 18 SELECT Trash 
[2021-07-18 16:29:44] IMAP< * FLAGS (\Seen \Answered \Flagged \Deleted) 
[2021-07-18 16:29:44] IMAP< * OK [PERMANENTFLAGS (\Seen \Answered \Flagged \Deleted)] Flags permitted. 
[2021-07-18 16:29:44] IMAP< * 0 EXISTS 
[2021-07-18 16:29:44] IMAP< * 0 RECENT 
[2021-07-18 16:29:44] IMAP< * OK [UIDNEXT 1] Predicted next UID 
[2021-07-18 16:29:44] IMAP< * OK [UIDVALIDITY 1] UIDs valid 
[2021-07-18 16:29:44] IMAP< 18 OK [READ-WRITE] SELECT completed 
[2021-07-18 16:29:44] IMAP- [fetching UIDs...]
[2021-07-18 16:29:44] IMAP> 19 UID FETCH 1:* (UID) 
[2021-07-18 16:29:44] IMAP< 19 OK UID FETCH completed 
[2021-07-18 16:29:44] IMAP> 20 STATUS Outbox (MESSAGES UIDNEXT UIDVALIDITY UNSEEN) 
[2021-07-18 16:29:44] IMAP< * STATUS "Outbox" (MESSAGES 0 UIDNEXT 1 UIDVALIDITY 1 UNSEEN 0) 
[2021-07-18 16:29:44] IMAP< 20 OK STATUS completed 
[2021-07-18 16:29:44] IMAP> 21 SELECT Outbox 
[2021-07-18 16:29:44] IMAP< * FLAGS (\Seen \Answered \Flagged \Deleted) 
[2021-07-18 16:29:44] IMAP< * OK [PERMANENTFLAGS (\Seen \Answered \Flagged \Deleted)] Flags permitted. 
[2021-07-18 16:29:44] IMAP< * 0 EXISTS 
[2021-07-18 16:29:44] IMAP< * 0 RECENT 
[2021-07-18 16:29:44] IMAP< * OK [UIDNEXT 1] Predicted next UID 
[2021-07-18 16:29:44] IMAP< * OK [UIDVALIDITY 1] UIDs valid 
[2021-07-18 16:29:44] IMAP< 21 OK [READ-WRITE] SELECT completed 
[2021-07-18 16:29:44] IMAP- [fetching UIDs...]
[2021-07-18 16:29:44] IMAP> 22 UID FETCH 1:* (UID) 
[2021-07-18 16:29:44] IMAP< 22 OK UID FETCH completed 
[2021-07-18 16:29:47] IMAP> 23 STATUS Drafts (MESSAGES UIDNEXT UIDVALIDITY UNSEEN) 
[2021-07-18 16:29:47] IMAP< * STATUS "Drafts" (UIDNEXT 2 UIDVALIDITY 1 UNSEEN 1 MESSAGES 1) 
[2021-07-18 16:29:47] IMAP< 23 OK STATUS completed 
[2021-07-18 16:29:47] IMAP> 24 SELECT Drafts 
[2021-07-18 16:29:47] IMAP< * FLAGS (\Seen \Answered \Flagged \Deleted) 
[2021-07-18 16:29:47] IMAP< * OK [PERMANENTFLAGS (\Seen \Answered \Flagged \Deleted)] Flags permitted. 
[2021-07-18 16:29:47] IMAP< * 1 EXISTS 
[2021-07-18 16:29:47] IMAP< * 0 RECENT 
[2021-07-18 16:29:47] IMAP< * OK [UIDNEXT 2] Predicted next UID 
[2021-07-18 16:29:47] IMAP< * OK [UIDVALIDITY 1] UIDs valid 
[2021-07-18 16:29:47] IMAP< 24 OK [READ-WRITE] SELECT completed 
[2021-07-18 16:29:47] IMAP- [fetching flags...]
[2021-07-18 16:29:47] IMAP> 25 UID FETCH 1:* (FLAGS UID) 
[2021-07-18 16:29:47] IMAP< * 1 FETCH (FLAGS () UID 1) 
[2021-07-18 16:29:47] IMAP< 25 OK UID FETCH completed 
[2021-07-18 16:29:48] IMAP> 26 UID STORE 1 +FLAGS.SILENT (\Seen) 
[2021-07-18 16:29:48] IMAP< 26 OK UID STORE completed 
[2021-07-18 16:29:54] IMAP> 27 SELECT Queue 
[2021-07-18 16:29:54] IMAP< * FLAGS (\Seen \Answered \Flagged \Deleted) 
[2021-07-18 16:29:54] IMAP< * OK [PERMANENTFLAGS (\Seen \Answered \Flagged \Deleted)] Flags permitted. 
[2021-07-18 16:29:54] IMAP< * 0 EXISTS 
[2021-07-18 16:29:54] IMAP< * 0 RECENT 
[2021-07-18 16:29:54] IMAP< * OK [UIDNEXT 1] Predicted next UID 
[2021-07-18 16:29:54] IMAP< * OK [UIDVALIDITY 1] UIDs valid 
[2021-07-18 16:29:54] IMAP< 27 OK [READ-WRITE] SELECT completed 
[2021-07-18 16:29:54] IMAP- [fetching UIDs...]
[2021-07-18 16:29:54] IMAP> 28 UID FETCH 1:* (UID) 
[2021-07-18 16:29:54] IMAP< 28 OK UID FETCH completed 
[2021-07-18 16:29:54] IMAP> 29 APPEND Queue (\Seen) {966} 
[2021-07-18 16:29:54] IMAP< + send literal 
[2021-07-18 16:29:54] IMAP> [data - 968 bytes]
[2021-07-18 16:29:54] IMAP< * 1 EXISTS 
[2021-07-18 16:29:54] IMAP< 29 OK APPEND completed 
[2021-07-18 16:29:54] IMAP> 30 NOOP 
[2021-07-18 16:29:54] IMAP< 30 OK NOOP completed 
[2021-07-18 16:29:54] IMAP> 31 SELECT Queue 
[2021-07-18 16:29:54] IMAP< * FLAGS (\Seen \Answered \Flagged \Deleted) 
[2021-07-18 16:29:54] IMAP< * OK [PERMANENTFLAGS (\Seen \Answered \Flagged \Deleted)] Flags permitted. 
[2021-07-18 16:29:54] IMAP< * OK [UIDNEXT 2] Predicted next UID 
[2021-07-18 16:29:54] IMAP< * OK [UIDVALIDITY 1] UIDs valid 
[2021-07-18 16:29:54] IMAP< * 1 EXISTS 
[2021-07-18 16:29:54] IMAP< * 0 RECENT 
[2021-07-18 16:29:54] IMAP< 31 OK [READ-WRITE] SELECT completed 
[2021-07-18 16:29:54] IMAP- [fetching UIDs...]
[2021-07-18 16:29:54] IMAP> 32 UID FETCH 1:* (UID) 
[2021-07-18 16:29:54] IMAP< * 1 FETCH (UID 1) 
[2021-07-18 16:29:54] IMAP< 32 OK UID FETCH completed 
[2021-07-18 16:29:54] IMAP> 33 UID FETCH 1 BODY.PEEK[] 
[2021-07-18 16:29:54] IMAP< [FETCH data - 1027 bytes]
[2021-07-18 16:29:54] IMAP- [fetching flags...]
[2021-07-18 16:29:54] IMAP> 34 UID FETCH 1:* (FLAGS UID) 
[2021-07-18 16:29:54] IMAP< * 1 FETCH (FLAGS (\Seen) UID 1) 
[2021-07-18 16:29:54] IMAP< 34 OK UID FETCH completed 
[2021-07-18 16:29:54] IMAP> 35 SELECT Drafts 
[2021-07-18 16:29:54] IMAP< * FLAGS (\Seen \Answered \Flagged \Deleted) 
[2021-07-18 16:29:54] IMAP< * OK [PERMANENTFLAGS (\Seen \Answered \Flagged \Deleted)] Flags permitted. 
[2021-07-18 16:29:54] IMAP< * OK [UIDVALIDITY 1] UIDs valid 
[2021-07-18 16:29:54] IMAP< * 1 EXISTS 
[2021-07-18 16:29:54] IMAP< * 0 RECENT 
[2021-07-18 16:29:54] IMAP< * OK [UIDNEXT 2] Predicted next UID 
[2021-07-18 16:29:54] IMAP< 35 OK [READ-WRITE] SELECT completed 
[2021-07-18 16:29:54] IMAP> 36 UID STORE 1 +FLAGS.SILENT (\Deleted) 
[2021-07-18 16:29:54] IMAP< 36 OK UID STORE completed 
[2021-07-18 16:29:54] IMAP> 37 EXPUNGE 
[2021-07-18 16:29:54] IMAP< * 1 EXPUNGE 
[2021-07-18 16:29:54] IMAP< 37 OK EXPUNGE completed 
[2021-07-18 16:29:54] * message: Account 'ca05c75b893fdb6217f85d60fe8b13fa046fbafb5236770e6a5355cb67b31abb@localhost:1143': Connecting to SMTP server: localhost:1025...
[2021-07-18 16:29:54] *** error: localhost:1025: connection failed (Connection refused).
[2021-07-18 16:29:54] SMTP< 220 ca05c75b893fdb6217f85d60fe8b13fa046fbafb5236770e6a5355cb67b31abb ESMTP Service Ready
[2021-07-18 16:29:54] ESMTP> EHLO powerbook
[2021-07-18 16:29:54] ESMTP< 250-Hello powerbook
[2021-07-18 16:29:54] ESMTP< 250-PIPELINING
[2021-07-18 16:29:54] ESMTP< 250-8BITMIME
[2021-07-18 16:29:54] ESMTP< 250-ENHANCEDSTATUSCODES
[2021-07-18 16:29:54] ESMTP< 250-CHUNKING
[2021-07-18 16:29:54] ESMTP< 250-AUTH PLAIN LOGIN
[2021-07-18 16:29:54] ESMTP< 250 SIZE 1048576
[2021-07-18 16:29:54] ESMTP> AUTH LOGIN
[2021-07-18 16:29:54] ESMTP< 334 VXNlcm5hbWU6
[2021-07-18 16:29:54] ESMTP> [USERID]
[2021-07-18 16:29:54] ESMTP< 334 UGFzc3dvcmQ6
[2021-07-18 16:29:54] ESMTP> [PASSWORD]
[2021-07-18 16:29:54] ESMTP< 421 4.0.0 Internal server error
[2021-07-18 16:29:54] ** warning: error occurred on SMTP session
[2021-07-18 16:29:54] *** error: Error occurred while sending the message:
421 4.0.0 Internal server error
[2021-07-18 16:29:54] IMAP> 38 SELECT Queue 
[2021-07-18 16:29:54] IMAP< * FLAGS (\Seen \Answered \Flagged \Deleted) 
[2021-07-18 16:29:54] IMAP< * OK [PERMANENTFLAGS (\Seen \Answered \Flagged \Deleted)] Flags permitted. 
[2021-07-18 16:29:54] IMAP< * OK [UIDVALIDITY 1] UIDs valid 
[2021-07-18 16:29:54] IMAP< * 1 EXISTS 
[2021-07-18 16:29:54] IMAP< * 0 RECENT 
[2021-07-18 16:29:54] IMAP< * OK [UIDNEXT 2] Predicted next UID 
[2021-07-18 16:29:54] IMAP< 38 OK [READ-WRITE] SELECT completed 
[2021-07-18 16:29:54] IMAP> 39 UID STORE 1 +FLAGS.SILENT (\Deleted) 
[2021-07-18 16:29:54] IMAP< 39 OK UID STORE completed 
[2021-07-18 16:29:54] IMAP> 40 EXPUNGE 
[2021-07-18 16:29:54] IMAP< * 1 EXPUNGE 
[2021-07-18 16:29:54] IMAP< 40 OK EXPUNGE completed 
[2021-07-18 16:29:54] IMAP- [fetching UIDs...]
[2021-07-18 16:29:54] IMAP> 41 UID FETCH 1:* (UID) 
[2021-07-18 16:29:54] IMAP< 41 OK UID FETCH completed 
[2021-07-18 16:29:59] IMAP> 42 SELECT Drafts 
[2021-07-18 16:29:59] IMAP< * FLAGS (\Seen \Answered \Flagged \Deleted) 
[2021-07-18 16:29:59] IMAP< * OK [PERMANENTFLAGS (\Seen \Answered \Flagged \Deleted)] Flags permitted. 
[2021-07-18 16:29:59] IMAP< * 0 EXISTS 
[2021-07-18 16:29:59] IMAP< * 0 RECENT 
[2021-07-18 16:29:59] IMAP< * OK [UIDNEXT 1] Predicted next UID 
[2021-07-18 16:29:59] IMAP< * OK [UIDVALIDITY 1] UIDs valid 
[2021-07-18 16:29:59] IMAP< 42 OK [READ-WRITE] SELECT completed 
[2021-07-18 16:29:59] IMAP- [fetching UIDs...]
[2021-07-18 16:29:59] IMAP> 43 UID FETCH 1:* (UID) 
[2021-07-18 16:29:59] IMAP< 43 OK UID FETCH completed 
[2021-07-18 16:29:59] IMAP> 44 APPEND Drafts (\Seen) {821} 
[2021-07-18 16:29:59] IMAP< + send literal 
[2021-07-18 16:29:59] IMAP> [data - 823 bytes]
[2021-07-18 16:29:59] IMAP< * 1 EXISTS 
[2021-07-18 16:29:59] IMAP< 44 OK APPEND completed 
[2021-07-18 16:29:59] IMAP> 45 NOOP 
[2021-07-18 16:29:59] IMAP< 45 OK NOOP completed 
[2021-07-18 16:29:59] IMAP> 46 SELECT Drafts 
[2021-07-18 16:29:59] IMAP< * FLAGS (\Seen \Answered \Flagged \Deleted) 
[2021-07-18 16:29:59] IMAP< * OK [PERMANENTFLAGS (\Seen \Answered \Flagged \Deleted)] Flags permitted. 
[2021-07-18 16:29:59] IMAP< * OK [UIDNEXT 2] Predicted next UID 
[2021-07-18 16:29:59] IMAP< * OK [UIDVALIDITY 1] UIDs valid 
[2021-07-18 16:29:59] IMAP< * 1 EXISTS 
[2021-07-18 16:29:59] IMAP< * 0 RECENT 
[2021-07-18 16:29:59] IMAP< 46 OK [READ-WRITE] SELECT completed 
[2021-07-18 16:29:59] IMAP- [fetching UIDs...]
[2021-07-18 16:29:59] IMAP> 47 UID FETCH 1:* (UID) 
[2021-07-18 16:29:59] IMAP< * 1 FETCH (UID 1) 
[2021-07-18 16:29:59] IMAP< 47 OK UID FETCH completed 
[2021-07-18 16:29:59] IMAP> 48 UID FETCH 1 BODY.PEEK[] 
[2021-07-18 16:29:59] IMAP< [FETCH data - 855 bytes]
[2021-07-18 16:29:59] IMAP< 48 OK UID FETCH completed 
[2021-07-18 16:29:59] IMAP- [fetching flags...]
[2021-07-18 16:29:59] IMAP> 49 UID FETCH 1:* (FLAGS UID) 
[2021-07-18 16:29:59] IMAP< * 1 FETCH (FLAGS (\Seen) UID 1) 
[2021-07-18 16:29:59] IMAP< 49 OK UID FETCH completed 
[2021-07-18 16:29:59] IMAP> 50 UID STORE 1 +FLAGS.SILENT (\Deleted) 
[2021-07-18 16:29:59] IMAP< 50 OK UID STORE completed 
[2021-07-18 16:29:59] IMAP> 51 EXPUNGE 
[2021-07-18 16:29:59] IMAP< * 1 EXPUNGE 
[2021-07-18 16:29:59] IMAP< 51 OK EXPUNGE completed 
[2021-07-18 16:30:00] IMAP> 52 UID FETCH 1 BODY.PEEK[] 
[2021-07-18 16:30:00] IMAP< 52 OK UID FETCH completed 
[2021-07-18 16:30:00] ** warning: IMAP error on localhost: FETCH error
[2021-07-18 16:30:00] IMAP- [fetching UIDs...]
[2021-07-18 16:30:00] IMAP> 53 UID FETCH 1:* (UID) 
[2021-07-18 16:30:00] IMAP< 53 OK UID FETCH completed 
[2021-07-18 16:30:17] IMAP> 54 SELECT Queue 
[2021-07-18 16:30:17] IMAP< * FLAGS (\Seen \Answered \Flagged \Deleted) 
[2021-07-18 16:30:17] IMAP< * OK [PERMANENTFLAGS (\Seen \Answered \Flagged \Deleted)] Flags permitted. 
[2021-07-18 16:30:17] IMAP< * OK [UIDNEXT 1] Predicted next UID 
[2021-07-18 16:30:17] IMAP< * OK [UIDVALIDITY 1] UIDs valid 
[2021-07-18 16:30:17] IMAP< * 0 EXISTS 
[2021-07-18 16:30:17] IMAP< * 0 RECENT 
[2021-07-18 16:30:17] IMAP< 54 OK [READ-WRITE] SELECT completed 
[2021-07-18 16:30:17] IMAP- [fetching UIDs...]
[2021-07-18 16:30:17] IMAP> 55 UID FETCH 1:* (UID) 
[2021-07-18 16:30:17] IMAP< 55 OK UID FETCH completed 
[2021-07-18 16:30:17] IMAP> 56 APPEND Queue (\Seen) {931} 
[2021-07-18 16:30:17] IMAP< + send literal 
[2021-07-18 16:30:17] IMAP> [data - 933 bytes]
[2021-07-18 16:30:17] IMAP< * 1 EXISTS 
[2021-07-18 16:30:17] IMAP< 56 OK APPEND completed 
[2021-07-18 16:30:17] IMAP> 57 NOOP 
[2021-07-18 16:30:17] IMAP< 57 OK NOOP completed 
[2021-07-18 16:30:17] IMAP> 58 SELECT Queue 
[2021-07-18 16:30:17] IMAP< * FLAGS (\Seen \Answered \Flagged \Deleted) 
[2021-07-18 16:30:17] IMAP< * OK [PERMANENTFLAGS (\Seen \Answered \Flagged \Deleted)] Flags permitted. 
[2021-07-18 16:30:17] IMAP< * 1 EXISTS 
[2021-07-18 16:30:17] IMAP< * 0 RECENT 
[2021-07-18 16:30:17] IMAP< * OK [UIDNEXT 2] Predicted next UID 
[2021-07-18 16:30:17] IMAP< * OK [UIDVALIDITY 1] UIDs valid 
[2021-07-18 16:30:17] IMAP< 58 OK [READ-WRITE] SELECT completed 
[2021-07-18 16:30:17] IMAP- [fetching UIDs...]
[2021-07-18 16:30:17] IMAP> 59 UID FETCH 1:* (UID) 
[2021-07-18 16:30:17] IMAP< * 1 FETCH (UID 1) 
[2021-07-18 16:30:17] IMAP< 59 OK UID FETCH completed 
[2021-07-18 16:30:17] IMAP> 60 UID FETCH 1 BODY.PEEK[] 
[2021-07-18 16:30:17] IMAP< [FETCH data - 965 bytes]
[2021-07-18 16:30:17] IMAP< 60 OK UID FETCH completed 
[2021-07-18 16:30:17] IMAP- [fetching flags...]
[2021-07-18 16:30:17] IMAP> 61 UID FETCH 1:* (FLAGS UID) 
[2021-07-18 16:30:17] IMAP< * 1 FETCH (FLAGS (\Seen) UID 1) 
[2021-07-18 16:30:17] IMAP< 61 OK UID FETCH completed 
[2021-07-18 16:30:17] * message: Account 'ca05c75b893fdb6217f85d60fe8b13fa046fbafb5236770e6a5355cb67b31abb@localhost:1143': Connecting to SMTP server: localhost:1025...
[2021-07-18 16:30:17] *** error: localhost:1025: connection failed (Connection refused).
[2021-07-18 16:30:17] SMTP< 220 ca05c75b893fdb6217f85d60fe8b13fa046fbafb5236770e6a5355cb67b31abb ESMTP Service Ready
[2021-07-18 16:30:17] ESMTP> EHLO powerbook
[2021-07-18 16:30:17] ESMTP< 250-Hello powerbook
[2021-07-18 16:30:17] ESMTP< 250-PIPELINING
[2021-07-18 16:30:17] ESMTP< 250-8BITMIME
[2021-07-18 16:30:17] ESMTP< 250-ENHANCEDSTATUSCODES
[2021-07-18 16:30:17] ESMTP< 250-CHUNKING
[2021-07-18 16:30:17] ESMTP< 250-AUTH LOGIN PLAIN
[2021-07-18 16:30:17] ESMTP< 250 SIZE 1048576
[2021-07-18 16:30:17] ESMTP> AUTH LOGIN
[2021-07-18 16:30:17] ESMTP< 334 VXNlcm5hbWU6
[2021-07-18 16:30:17] ESMTP> [USERID]
[2021-07-18 16:30:17] ESMTP< 334 UGFzc3dvcmQ6
[2021-07-18 16:30:17] ESMTP> [PASSWORD]
[2021-07-18 16:30:17] ESMTP< 421 4.0.0 Internal server error
[2021-07-18 16:30:17] ** warning: error occurred on SMTP session
[2021-07-18 16:30:17] *** error: Error occurred while sending the message:
421 4.0.0 Internal server error
[2021-07-18 16:30:17] IMAP> 62 UID STORE 1 +FLAGS.SILENT (\Deleted) 
[2021-07-18 16:30:17] IMAP< 62 OK UID STORE completed 
[2021-07-18 16:30:17] IMAP> 63 EXPUNGE 
[2021-07-18 16:30:17] IMAP< * 1 EXPUNGE 
[2021-07-18 16:30:17] IMAP< 63 OK EXPUNGE completed 
[2021-07-18 16:30:17] IMAP- [fetching UIDs...]
[2021-07-18 16:30:17] IMAP> 64 UID FETCH 1:* (UID) 
[2021-07-18 16:30:17] IMAP< 64 OK UID FETCH completed 
[2021-07-18 16:30:20] IMAP- [fetching UIDs...]
[2021-07-18 16:30:20] IMAP> 65 UID FETCH 1:* (UID) 
[2021-07-18 16:30:20] IMAP< 65 OK UID FETCH completed 
[2021-07-18 16:30:20] IMAP> 66 APPEND Queue (\Seen) {966} 
[2021-07-18 16:30:20] IMAP< + send literal 
[2021-07-18 16:30:20] IMAP> [data - 968 bytes]
[2021-07-18 16:30:20] IMAP< * 1 EXISTS 
[2021-07-18 16:30:20] IMAP< 66 OK APPEND completed 
[2021-07-18 16:30:20] IMAP> 67 NOOP 
[2021-07-18 16:30:20] IMAP< 67 OK NOOP completed 
[2021-07-18 16:30:20] IMAP> 68 SELECT Queue 
[2021-07-18 16:30:20] IMAP< * FLAGS (\Seen \Answered \Flagged \Deleted) 
[2021-07-18 16:30:20] IMAP< * OK [PERMANENTFLAGS (\Seen \Answered \Flagged \Deleted)] Flags permitted. 
[2021-07-18 16:30:20] IMAP< * OK [UIDVALIDITY 1] UIDs valid 
[2021-07-18 16:30:20] IMAP< * 1 EXISTS 
[2021-07-18 16:30:20] IMAP< * 0 RECENT 
[2021-07-18 16:30:20] IMAP< * OK [UIDNEXT 2] Predicted next UID 
[2021-07-18 16:30:20] IMAP< 68 OK [READ-WRITE] SELECT completed 
[2021-07-18 16:30:20] IMAP- [fetching UIDs...]
[2021-07-18 16:30:20] IMAP> 69 UID FETCH 1:* (UID) 
[2021-07-18 16:30:20] IMAP< * 1 FETCH (UID 1) 
[2021-07-18 16:30:20] IMAP< 69 OK UID FETCH completed 
[2021-07-18 16:30:20] IMAP> 70 UID FETCH 1 BODY.PEEK[] 
[2021-07-18 16:30:20] IMAP< [FETCH data - 1000 bytes]
[2021-07-18 16:30:20] IMAP< 70 OK UID FETCH completed 
[2021-07-18 16:30:20] IMAP- [fetching flags...]
[2021-07-18 16:30:20] IMAP> 71 UID FETCH 1:* (FLAGS UID) 
[2021-07-18 16:30:20] IMAP< * 1 FETCH (FLAGS (\Seen) UID 1) 
[2021-07-18 16:30:20] IMAP< 71 OK UID FETCH completed 
[2021-07-18 16:30:21] * message: Account 'ca05c75b893fdb6217f85d60fe8b13fa046fbafb5236770e6a5355cb67b31abb@localhost:1143': Connecting to SMTP server: localhost:1025...
[2021-07-18 16:30:21] *** error: localhost:1025: connection failed (Connection refused).
[2021-07-18 16:30:21] SMTP< 220 ca05c75b893fdb6217f85d60fe8b13fa046fbafb5236770e6a5355cb67b31abb ESMTP Service Ready
[2021-07-18 16:30:21] ESMTP> EHLO powerbook
[2021-07-18 16:30:21] ESMTP< 250-Hello powerbook
[2021-07-18 16:30:21] ESMTP< 250-PIPELINING
[2021-07-18 16:30:21] ESMTP< 250-8BITMIME
[2021-07-18 16:30:21] ESMTP< 250-ENHANCEDSTATUSCODES
[2021-07-18 16:30:21] ESMTP< 250-CHUNKING
[2021-07-18 16:30:21] ESMTP< 250-AUTH LOGIN PLAIN
[2021-07-18 16:30:21] ESMTP< 250 SIZE 1048576
[2021-07-18 16:30:21] ESMTP> AUTH LOGIN
[2021-07-18 16:30:21] ESMTP< 334 VXNlcm5hbWU6
[2021-07-18 16:30:21] ESMTP> [USERID]
[2021-07-18 16:30:21] ESMTP< 334 UGFzc3dvcmQ6
[2021-07-18 16:30:21] ESMTP> [PASSWORD]
[2021-07-18 16:30:21] ESMTP< 421 4.0.0 Internal server error
[2021-07-18 16:30:21] ** warning: error occurred on SMTP session
[2021-07-18 16:30:21] *** error: Error occurred while sending the message:
421 4.0.0 Internal server error
[2021-07-18 16:30:21] IMAP> 72 UID STORE 1 +FLAGS.SILENT (\Deleted) 
[2021-07-18 16:30:21] IMAP< 72 OK UID STORE completed 
[2021-07-18 16:30:21] IMAP> 73 EXPUNGE 
[2021-07-18 16:30:21] IMAP< * 1 EXPUNGE 
[2021-07-18 16:30:21] IMAP< 73 OK EXPUNGE completed 
[2021-07-18 16:30:21] IMAP- [fetching UIDs...]
[2021-07-18 16:30:21] IMAP> 74 UID FETCH 1:* (UID) 
[2021-07-18 16:30:21] IMAP< 74 OK UID FETCH completed 
[2021-07-18 16:30:29] IMAP> 75 SELECT Drafts 
[2021-07-18 16:30:29] IMAP< * FLAGS (\Seen \Answered \Flagged \Deleted) 
[2021-07-18 16:30:29] IMAP< * OK [PERMANENTFLAGS (\Seen \Answered \Flagged \Deleted)] Flags permitted. 
[2021-07-18 16:30:29] IMAP< * 0 EXISTS 
[2021-07-18 16:30:29] IMAP< * 0 RECENT 
[2021-07-18 16:30:29] IMAP< * OK [UIDNEXT 1] Predicted next UID 
[2021-07-18 16:30:29] IMAP< * OK [UIDVALIDITY 1] UIDs valid 
[2021-07-18 16:30:29] IMAP< 75 OK [READ-WRITE] SELECT completed 
[2021-07-18 16:30:29] IMAP- [fetching UIDs...]
[2021-07-18 16:30:29] IMAP> 76 UID FETCH 1:* (UID) 
[2021-07-18 16:30:29] IMAP< 76 OK UID FETCH completed 
[2021-07-18 16:30:29] IMAP> 77 APPEND Drafts (\Seen) {821} 
[2021-07-18 16:30:29] IMAP< + send literal 
[2021-07-18 16:30:29] IMAP> [data - 823 bytes]
[2021-07-18 16:30:29] IMAP< * 1 EXISTS 
[2021-07-18 16:30:29] IMAP< 77 OK APPEND completed 
[2021-07-18 16:30:29] IMAP> 78 NOOP 
[2021-07-18 16:30:29] IMAP< 78 OK NOOP completed 
[2021-07-18 16:30:29] IMAP> 79 SELECT Drafts 
[2021-07-18 16:30:29] IMAP< * FLAGS (\Seen \Answered \Flagged \Deleted) 
[2021-07-18 16:30:29] IMAP< * OK [PERMANENTFLAGS (\Seen \Answered \Flagged \Deleted)] Flags permitted. 
[2021-07-18 16:30:29] IMAP< * 1 EXISTS 
[2021-07-18 16:30:29] IMAP< * 0 RECENT 
[2021-07-18 16:30:29] IMAP< * OK [UIDNEXT 2] Predicted next UID 
[2021-07-18 16:30:29] IMAP< * OK [UIDVALIDITY 1] UIDs valid 
[2021-07-18 16:30:29] IMAP< 79 OK [READ-WRITE] SELECT completed 
[2021-07-18 16:30:29] IMAP- [fetching UIDs...]
[2021-07-18 16:30:29] IMAP> 80 UID FETCH 1:* (UID) 
[2021-07-18 16:30:29] IMAP< * 1 FETCH (UID 1) 
[2021-07-18 16:30:29] IMAP< 80 OK UID FETCH completed 
[2021-07-18 16:30:29] IMAP> 81 UID FETCH 1 BODY.PEEK[] 
[2021-07-18 16:30:29] IMAP< [FETCH data - 855 bytes]
[2021-07-18 16:30:29] IMAP< 81 OK UID FETCH completed 
[2021-07-18 16:30:29] IMAP- [fetching flags...]
[2021-07-18 16:30:29] IMAP> 82 UID FETCH 1:* (FLAGS UID) 
[2021-07-18 16:30:29] IMAP< * 1 FETCH (FLAGS (\Seen) UID 1) 
[2021-07-18 16:30:29] IMAP< 82 OK UID FETCH completed 
[2021-07-18 16:30:29] IMAP> 83 UID STORE 1 -FLAGS.SILENT (\Seen) 
[2021-07-18 16:30:29] IMAP< 83 OK UID STORE completed 
[2021-07-18 16:30:29] IMAP- [fetching flags...]
[2021-07-18 16:30:29] IMAP> 84 UID FETCH 1:* (FLAGS UID) 
[2021-07-18 16:30:29] IMAP< * 1 FETCH (FLAGS () UID 1) 
[2021-07-18 16:30:29] IMAP< 84 OK UID FETCH completed 
